D:\VS2017_Project\Angular2Demo\Angular2MVC\Angular2MVC\app\app.component.js
D:\VS2017_Project\Angular2Demo\Angular2MVC\Angular2MVC\app\app.component.js.map
D:\VS2017_Project\Angular2Demo\Angular2MVC\Angular2MVC\app\components\home.component.js
D:\VS2017_Project\Angular2Demo\Angular2MVC\Angular2MVC\app\components\home.component.js.map
D:\VS2017_Project\Angular2Demo\Angular2MVC\Angular2MVC\app\app.routing.js
D:\VS2017_Project\Angular2Demo\Angular2MVC\Angular2MVC\app\app.routing.js.map
D:\VS2017_Project\Angular2Demo\Angular2MVC\Angular2MVC\app\app.module.js
D:\VS2017_Project\Angular2Demo\Angular2MVC\Angular2MVC\app\app.module.js.map
D:\VS2017_Project\Angular2Demo\Angular2MVC\Angular2MVC\app\main.js
D:\VS2017_Project\Angular2Demo\Angular2MVC\Angular2MVC\app\main.js.map
D:\VS2017_Project\Angular2Demo\Angular2MVC\Angular2MVC\app\app.component.js
D:\VS2017_Project\Angular2Demo\Angular2MVC\Angular2MVC\app\app.component.js.map
D:\VS2017_Project\Angular2Demo\Angular2MVC\Angular2MVC\app\components\home.component.js
D:\VS2017_Project\Angular2Demo\Angular2MVC\Angular2MVC\app\components\home.component.js.map
D:\VS2017_Project\Angular2Demo\Angular2MVC\Angular2MVC\app\app.routing.js
D:\VS2017_Project\Angular2Demo\Angular2MVC\Angular2MVC\app\app.routing.js.map
D:\VS2017_Project\Angular2Demo\Angular2MVC\Angular2MVC\app\app.module.js
D:\VS2017_Project\Angular2Demo\Angular2MVC\Angular2MVC\app\app.module.js.map
D:\VS2017_Project\Angular2Demo\Angular2MVC\Angular2MVC\app\main.js
D:\VS2017_Project\Angular2Demo\Angular2MVC\Angular2MVC\app\main.js.map
D:\VS2017_Project\Angular2Demo\Angular2MVC\Angular2MVC\app\app.component.js
D:\VS2017_Project\Angular2Demo\Angular2MVC\Angular2MVC\app\app.component.js.map
D:\VS2017_Project\Angular2Demo\Angular2MVC\Angular2MVC\app\components\home.component.js
D:\VS2017_Project\Angular2Demo\Angular2MVC\Angular2MVC\app\components\home.component.js.map
D:\VS2017_Project\Angular2Demo\Angular2MVC\Angular2MVC\app\app.routing.js
D:\VS2017_Project\Angular2Demo\Angular2MVC\Angular2MVC\app\app.routing.js.map
D:\VS2017_Project\Angular2Demo\Angular2MVC\Angular2MVC\app\app.module.js
D:\VS2017_Project\Angular2Demo\Angular2MVC\Angular2MVC\app\app.module.js.map
D:\VS2017_Project\Angular2Demo\Angular2MVC\Angular2MVC\app\main.js
D:\VS2017_Project\Angular2Demo\Angular2MVC\Angular2MVC\app\main.js.map
D:\VS2017_Project\Angular2Demo\Angular2MVC\Angular2MVC\app\app.component.js
D:\VS2017_Project\Angular2Demo\Angular2MVC\Angular2MVC\app\app.component.js.map
D:\VS2017_Project\Angular2Demo\Angular2MVC\Angular2MVC\app\components\home.component.js
D:\VS2017_Project\Angular2Demo\Angular2MVC\Angular2MVC\app\components\home.component.js.map
D:\VS2017_Project\Angular2Demo\Angular2MVC\Angular2MVC\app\app.routing.js
D:\VS2017_Project\Angular2Demo\Angular2MVC\Angular2MVC\app\app.routing.js.map
D:\VS2017_Project\Angular2Demo\Angular2MVC\Angular2MVC\app\app.module.js
D:\VS2017_Project\Angular2Demo\Angular2MVC\Angular2MVC\app\app.module.js.map
D:\VS2017_Project\Angular2Demo\Angular2MVC\Angular2MVC\app\main.js
D:\VS2017_Project\Angular2Demo\Angular2MVC\Angular2MVC\app\main.js.map
D:\VS2017_Project\Angular2Demo\Angular2MVC\Angular2MVC\app\app.component.js
D:\VS2017_Project\Angular2Demo\Angular2MVC\Angular2MVC\app\app.component.js.map
D:\VS2017_Project\Angular2Demo\Angular2MVC\Angular2MVC\app\components\home.component.js
D:\VS2017_Project\Angular2Demo\Angular2MVC\Angular2MVC\app\components\home.component.js.map
D:\VS2017_Project\Angular2Demo\Angular2MVC\Angular2MVC\app\app.routing.js
D:\VS2017_Project\Angular2Demo\Angular2MVC\Angular2MVC\app\app.routing.js.map
D:\VS2017_Project\Angular2Demo\Angular2MVC\Angular2MVC\app\app.module.js
D:\VS2017_Project\Angular2Demo\Angular2MVC\Angular2MVC\app\app.module.js.map
D:\VS2017_Project\Angular2Demo\Angular2MVC\Angular2MVC\app\main.js
D:\VS2017_Project\Angular2Demo\Angular2MVC\Angular2MVC\app\main.js.map
D:\VS2017_Project\Angular2Demo\Angular2MVC\Angular2MVC\app\app.component.js
D:\VS2017_Project\Angular2Demo\Angular2MVC\Angular2MVC\app\app.component.js.map
D:\VS2017_Project\Angular2Demo\Angular2MVC\Angular2MVC\app\components\home.component.js
D:\VS2017_Project\Angular2Demo\Angular2MVC\Angular2MVC\app\components\home.component.js.map
D:\VS2017_Project\Angular2Demo\Angular2MVC\Angular2MVC\app\app.routing.js
D:\VS2017_Project\Angular2Demo\Angular2MVC\Angular2MVC\app\app.routing.js.map
D:\VS2017_Project\Angular2Demo\Angular2MVC\Angular2MVC\app\app.module.js
D:\VS2017_Project\Angular2Demo\Angular2MVC\Angular2MVC\app\app.module.js.map
D:\VS2017_Project\Angular2Demo\Angular2MVC\Angular2MVC\app\main.js
D:\VS2017_Project\Angular2Demo\Angular2MVC\Angular2MVC\app\main.js.map
D:\VS2017_Project\Angular2Demo\Angular2MVC\Angular2MVC\app\app.component.js
D:\VS2017_Project\Angular2Demo\Angular2MVC\Angular2MVC\app\app.component.js.map
D:\VS2017_Project\Angular2Demo\Angular2MVC\Angular2MVC\app\components\home.component.js
D:\VS2017_Project\Angular2Demo\Angular2MVC\Angular2MVC\app\components\home.component.js.map
D:\VS2017_Project\Angular2Demo\Angular2MVC\Angular2MVC\app\app.routing.js
D:\VS2017_Project\Angular2Demo\Angular2MVC\Angular2MVC\app\app.routing.js.map
D:\VS2017_Project\Angular2Demo\Angular2MVC\Angular2MVC\app\app.module.js
D:\VS2017_Project\Angular2Demo\Angular2MVC\Angular2MVC\app\app.module.js.map
D:\VS2017_Project\Angular2Demo\Angular2MVC\Angular2MVC\app\main.js
D:\VS2017_Project\Angular2Demo\Angular2MVC\Angular2MVC\app\main.js.map
D:\VS2017_Project\Angular2Demo\Angular2MVC\Angular2MVC\app\app.component.js
D:\VS2017_Project\Angular2Demo\Angular2MVC\Angular2MVC\app\app.component.js.map
D:\VS2017_Project\Angular2Demo\Angular2MVC\Angular2MVC\app\components\home.component.js
D:\VS2017_Project\Angular2Demo\Angular2MVC\Angular2MVC\app\components\home.component.js.map
D:\VS2017_Project\Angular2Demo\Angular2MVC\Angular2MVC\app\app.routing.js
D:\VS2017_Project\Angular2Demo\Angular2MVC\Angular2MVC\app\app.routing.js.map
D:\VS2017_Project\Angular2Demo\Angular2MVC\Angular2MVC\app\app.module.js
D:\VS2017_Project\Angular2Demo\Angular2MVC\Angular2MVC\app\app.module.js.map
D:\VS2017_Project\Angular2Demo\Angular2MVC\Angular2MVC\app\main.js
D:\VS2017_Project\Angular2Demo\Angular2MVC\Angular2MVC\app\main.js.map
D:\VS2017_Project\Angular2Demo\Angular2MVC\Angular2MVC\app\app.component.js
D:\VS2017_Project\Angular2Demo\Angular2MVC\Angular2MVC\app\app.component.js.map
D:\VS2017_Project\Angular2Demo\Angular2MVC\Angular2MVC\app\components\home.component.js
D:\VS2017_Project\Angular2Demo\Angular2MVC\Angular2MVC\app\components\home.component.js.map
D:\VS2017_Project\Angular2Demo\Angular2MVC\Angular2MVC\app\app.routing.js
D:\VS2017_Project\Angular2Demo\Angular2MVC\Angular2MVC\app\app.routing.js.map
D:\VS2017_Project\Angular2Demo\Angular2MVC\Angular2MVC\app\app.module.js
D:\VS2017_Project\Angular2Demo\Angular2MVC\Angular2MVC\app\app.module.js.map
D:\VS2017_Project\Angular2Demo\Angular2MVC\Angular2MVC\app\main.js
D:\VS2017_Project\Angular2Demo\Angular2MVC\Angular2MVC\app\main.js.map
D:\VS2017_Project\Angular2Demo\Angular2MVC\Angular2MVC\app\app.component.js
D:\VS2017_Project\Angular2Demo\Angular2MVC\Angular2MVC\app\app.component.js.map
D:\VS2017_Project\Angular2Demo\Angular2MVC\Angular2MVC\app\components\home.component.js
D:\VS2017_Project\Angular2Demo\Angular2MVC\Angular2MVC\app\components\home.component.js.map
D:\VS2017_Project\Angular2Demo\Angular2MVC\Angular2MVC\app\app.routing.js
D:\VS2017_Project\Angular2Demo\Angular2MVC\Angular2MVC\app\app.routing.js.map
D:\VS2017_Project\Angular2Demo\Angular2MVC\Angular2MVC\app\app.module.js
D:\VS2017_Project\Angular2Demo\Angular2MVC\Angular2MVC\app\app.module.js.map
D:\VS2017_Project\Angular2Demo\Angular2MVC\Angular2MVC\app\main.js
D:\VS2017_Project\Angular2Demo\Angular2MVC\Angular2MVC\app\main.js.map
D:\VS2017_Project\Angular2Demo\Angular2MVC\Angular2MVC\app\app.component.js
D:\VS2017_Project\Angular2Demo\Angular2MVC\Angular2MVC\app\app.component.js.map
D:\VS2017_Project\Angular2Demo\Angular2MVC\Angular2MVC\app\components\home.component.js
D:\VS2017_Project\Angular2Demo\Angular2MVC\Angular2MVC\app\components\home.component.js.map
D:\VS2017_Project\Angular2Demo\Angular2MVC\Angular2MVC\app\Service\user.service.js
D:\VS2017_Project\Angular2Demo\Angular2MVC\Angular2MVC\app\Service\user.service.js.map
D:\VS2017_Project\Angular2Demo\Angular2MVC\Angular2MVC\app\Models\user.js
D:\VS2017_Project\Angular2Demo\Angular2MVC\Angular2MVC\app\Models\user.js.map
D:\VS2017_Project\Angular2Demo\Angular2MVC\Angular2MVC\app\shared\global.js
D:\VS2017_Project\Angular2Demo\Angular2MVC\Angular2MVC\app\shared\global.js.map
D:\VS2017_Project\Angular2Demo\Angular2MVC\Angular2MVC\app\components\user.component.js
D:\VS2017_Project\Angular2Demo\Angular2MVC\Angular2MVC\app\components\user.component.js.map
D:\VS2017_Project\Angular2Demo\Angular2MVC\Angular2MVC\app\app.routing.js
D:\VS2017_Project\Angular2Demo\Angular2MVC\Angular2MVC\app\app.routing.js.map
D:\VS2017_Project\Angular2Demo\Angular2MVC\Angular2MVC\app\app.module.js
D:\VS2017_Project\Angular2Demo\Angular2MVC\Angular2MVC\app\app.module.js.map
D:\VS2017_Project\Angular2Demo\Angular2MVC\Angular2MVC\app\main.js
D:\VS2017_Project\Angular2Demo\Angular2MVC\Angular2MVC\app\main.js.map
D:\VS2017_Project\Angular2Demo\Angular2MVC\Angular2MVC\app\shared\enum.js
D:\VS2017_Project\Angular2Demo\Angular2MVC\Angular2MVC\app\shared\enum.js.map
D:\VS2017_Project\Angular2Demo\Angular2MVC\Angular2MVC\app\app.component.js
D:\VS2017_Project\Angular2Demo\Angular2MVC\Angular2MVC\app\app.component.js.map
D:\VS2017_Project\Angular2Demo\Angular2MVC\Angular2MVC\app\components\home.component.js
D:\VS2017_Project\Angular2Demo\Angular2MVC\Angular2MVC\app\components\home.component.js.map
D:\VS2017_Project\Angular2Demo\Angular2MVC\Angular2MVC\app\Service\user.service.js
D:\VS2017_Project\Angular2Demo\Angular2MVC\Angular2MVC\app\Service\user.service.js.map
D:\VS2017_Project\Angular2Demo\Angular2MVC\Angular2MVC\app\Models\user.js
D:\VS2017_Project\Angular2Demo\Angular2MVC\Angular2MVC\app\Models\user.js.map
D:\VS2017_Project\Angular2Demo\Angular2MVC\Angular2MVC\app\shared\global.js
D:\VS2017_Project\Angular2Demo\Angular2MVC\Angular2MVC\app\shared\global.js.map
D:\VS2017_Project\Angular2Demo\Angular2MVC\Angular2MVC\app\components\user.component.js
D:\VS2017_Project\Angular2Demo\Angular2MVC\Angular2MVC\app\components\user.component.js.map
D:\VS2017_Project\Angular2Demo\Angular2MVC\Angular2MVC\app\app.routing.js
D:\VS2017_Project\Angular2Demo\Angular2MVC\Angular2MVC\app\app.routing.js.map
D:\VS2017_Project\Angular2Demo\Angular2MVC\Angular2MVC\app\app.module.js
D:\VS2017_Project\Angular2Demo\Angular2MVC\Angular2MVC\app\app.module.js.map
D:\VS2017_Project\Angular2Demo\Angular2MVC\Angular2MVC\app\main.js
D:\VS2017_Project\Angular2Demo\Angular2MVC\Angular2MVC\app\main.js.map
D:\VS2017_Project\Angular2Demo\Angular2MVC\Angular2MVC\app\shared\enum.js
D:\VS2017_Project\Angular2Demo\Angular2MVC\Angular2MVC\app\shared\enum.js.map
D:\VS2017_Project\Angular2Demo\Angular2MVC\Angular2MVC\app\app.component.js
D:\VS2017_Project\Angular2Demo\Angular2MVC\Angular2MVC\app\app.component.js.map
D:\VS2017_Project\Angular2Demo\Angular2MVC\Angular2MVC\app\components\home.component.js
D:\VS2017_Project\Angular2Demo\Angular2MVC\Angular2MVC\app\components\home.component.js.map
D:\VS2017_Project\Angular2Demo\Angular2MVC\Angular2MVC\app\Service\user.service.js
D:\VS2017_Project\Angular2Demo\Angular2MVC\Angular2MVC\app\Service\user.service.js.map
D:\VS2017_Project\Angular2Demo\Angular2MVC\Angular2MVC\app\Models\user.js
D:\VS2017_Project\Angular2Demo\Angular2MVC\Angular2MVC\app\Models\user.js.map
D:\VS2017_Project\Angular2Demo\Angular2MVC\Angular2MVC\app\shared\global.js
D:\VS2017_Project\Angular2Demo\Angular2MVC\Angular2MVC\app\shared\global.js.map
D:\VS2017_Project\Angular2Demo\Angular2MVC\Angular2MVC\app\components\user.component.js
D:\VS2017_Project\Angular2Demo\Angular2MVC\Angular2MVC\app\components\user.component.js.map
D:\VS2017_Project\Angular2Demo\Angular2MVC\Angular2MVC\app\app.routing.js
D:\VS2017_Project\Angular2Demo\Angular2MVC\Angular2MVC\app\app.routing.js.map
D:\VS2017_Project\Angular2Demo\Angular2MVC\Angular2MVC\app\app.module.js
D:\VS2017_Project\Angular2Demo\Angular2MVC\Angular2MVC\app\app.module.js.map
D:\VS2017_Project\Angular2Demo\Angular2MVC\Angular2MVC\app\main.js
D:\VS2017_Project\Angular2Demo\Angular2MVC\Angular2MVC\app\main.js.map
D:\VS2017_Project\Angular2Demo\Angular2MVC\Angular2MVC\app\shared\enum.js
D:\VS2017_Project\Angular2Demo\Angular2MVC\Angular2MVC\app\shared\enum.js.map
D:\VS2017_Project\Angular2Demo\Angular2MVC\Angular2MVC\app\app.component.js
D:\VS2017_Project\Angular2Demo\Angular2MVC\Angular2MVC\app\app.component.js.map
D:\VS2017_Project\Angular2Demo\Angular2MVC\Angular2MVC\app\components\home.component.js
D:\VS2017_Project\Angular2Demo\Angular2MVC\Angular2MVC\app\components\home.component.js.map
D:\VS2017_Project\Angular2Demo\Angular2MVC\Angular2MVC\app\Service\user.service.js
D:\VS2017_Project\Angular2Demo\Angular2MVC\Angular2MVC\app\Service\user.service.js.map
D:\VS2017_Project\Angular2Demo\Angular2MVC\Angular2MVC\app\Models\user.js
D:\VS2017_Project\Angular2Demo\Angular2MVC\Angular2MVC\app\Models\user.js.map
D:\VS2017_Project\Angular2Demo\Angular2MVC\Angular2MVC\app\shared\global.js
D:\VS2017_Project\Angular2Demo\Angular2MVC\Angular2MVC\app\shared\global.js.map
D:\VS2017_Project\Angular2Demo\Angular2MVC\Angular2MVC\app\components\user.component.js
D:\VS2017_Project\Angular2Demo\Angular2MVC\Angular2MVC\app\components\user.component.js.map
D:\VS2017_Project\Angular2Demo\Angular2MVC\Angular2MVC\app\app.routing.js
D:\VS2017_Project\Angular2Demo\Angular2MVC\Angular2MVC\app\app.routing.js.map
D:\VS2017_Project\Angular2Demo\Angular2MVC\Angular2MVC\app\app.module.js
D:\VS2017_Project\Angular2Demo\Angular2MVC\Angular2MVC\app\app.module.js.map
D:\VS2017_Project\Angular2Demo\Angular2MVC\Angular2MVC\app\main.js
D:\VS2017_Project\Angular2Demo\Angular2MVC\Angular2MVC\app\main.js.map
D:\VS2017_Project\Angular2Demo\Angular2MVC\Angular2MVC\app\shared\enum.js
D:\VS2017_Project\Angular2Demo\Angular2MVC\Angular2MVC\app\shared\enum.js.map
D:\VS2017_Project\Angular2Demo\Angular2MVC\Angular2MVC\app\app.component.js
D:\VS2017_Project\Angular2Demo\Angular2MVC\Angular2MVC\app\app.component.js.map
D:\VS2017_Project\Angular2Demo\Angular2MVC\Angular2MVC\app\components\home.component.js
D:\VS2017_Project\Angular2Demo\Angular2MVC\Angular2MVC\app\components\home.component.js.map
D:\VS2017_Project\Angular2Demo\Angular2MVC\Angular2MVC\app\Service\user.service.js
D:\VS2017_Project\Angular2Demo\Angular2MVC\Angular2MVC\app\Service\user.service.js.map
D:\VS2017_Project\Angular2Demo\Angular2MVC\Angular2MVC\app\Models\user.js
D:\VS2017_Project\Angular2Demo\Angular2MVC\Angular2MVC\app\Models\user.js.map
D:\VS2017_Project\Angular2Demo\Angular2MVC\Angular2MVC\app\shared\global.js
D:\VS2017_Project\Angular2Demo\Angular2MVC\Angular2MVC\app\shared\global.js.map
D:\VS2017_Project\Angular2Demo\Angular2MVC\Angular2MVC\app\components\user.component.js
D:\VS2017_Project\Angular2Demo\Angular2MVC\Angular2MVC\app\components\user.component.js.map
D:\VS2017_Project\Angular2Demo\Angular2MVC\Angular2MVC\app\app.routing.js
D:\VS2017_Project\Angular2Demo\Angular2MVC\Angular2MVC\app\app.routing.js.map
D:\VS2017_Project\Angular2Demo\Angular2MVC\Angular2MVC\app\app.module.js
D:\VS2017_Project\Angular2Demo\Angular2MVC\Angular2MVC\app\app.module.js.map
D:\VS2017_Project\Angular2Demo\Angular2MVC\Angular2MVC\app\main.js
D:\VS2017_Project\Angular2Demo\Angular2MVC\Angular2MVC\app\main.js.map
D:\VS2017_Project\Angular2Demo\Angular2MVC\Angular2MVC\app\shared\enum.js
D:\VS2017_Project\Angular2Demo\Angular2MVC\Angular2MVC\app\shared\enum.js.map
D:\VS2017_Project\Angular2Demo\Angular2MVC\Angular2MVC\app\app.component.js
D:\VS2017_Project\Angular2Demo\Angular2MVC\Angular2MVC\app\app.component.js.map
D:\VS2017_Project\Angular2Demo\Angular2MVC\Angular2MVC\app\components\home.component.js
D:\VS2017_Project\Angular2Demo\Angular2MVC\Angular2MVC\app\components\home.component.js.map
D:\VS2017_Project\Angular2Demo\Angular2MVC\Angular2MVC\app\Service\user.service.js
D:\VS2017_Project\Angular2Demo\Angular2MVC\Angular2MVC\app\Service\user.service.js.map
D:\VS2017_Project\Angular2Demo\Angular2MVC\Angular2MVC\app\Models\user.js
D:\VS2017_Project\Angular2Demo\Angular2MVC\Angular2MVC\app\Models\user.js.map
D:\VS2017_Project\Angular2Demo\Angular2MVC\Angular2MVC\app\shared\global.js
D:\VS2017_Project\Angular2Demo\Angular2MVC\Angular2MVC\app\shared\global.js.map
D:\VS2017_Project\Angular2Demo\Angular2MVC\Angular2MVC\app\components\user.component.js
D:\VS2017_Project\Angular2Demo\Angular2MVC\Angular2MVC\app\components\user.component.js.map
D:\VS2017_Project\Angular2Demo\Angular2MVC\Angular2MVC\app\app.routing.js
D:\VS2017_Project\Angular2Demo\Angular2MVC\Angular2MVC\app\app.routing.js.map
D:\VS2017_Project\Angular2Demo\Angular2MVC\Angular2MVC\app\app.module.js
D:\VS2017_Project\Angular2Demo\Angular2MVC\Angular2MVC\app\app.module.js.map
D:\VS2017_Project\Angular2Demo\Angular2MVC\Angular2MVC\app\main.js
D:\VS2017_Project\Angular2Demo\Angular2MVC\Angular2MVC\app\main.js.map
D:\VS2017_Project\Angular2Demo\Angular2MVC\Angular2MVC\app\shared\enum.js
D:\VS2017_Project\Angular2Demo\Angular2MVC\Angular2MVC\app\shared\enum.js.map
D:\VS2017_Project\Angular2Demo\Angular2MVC\Angular2MVC\app\app.component.js
D:\VS2017_Project\Angular2Demo\Angular2MVC\Angular2MVC\app\app.component.js.map
D:\VS2017_Project\Angular2Demo\Angular2MVC\Angular2MVC\app\components\home.component.js
D:\VS2017_Project\Angular2Demo\Angular2MVC\Angular2MVC\app\components\home.component.js.map
D:\VS2017_Project\Angular2Demo\Angular2MVC\Angular2MVC\app\Service\user.service.js
D:\VS2017_Project\Angular2Demo\Angular2MVC\Angular2MVC\app\Service\user.service.js.map
D:\VS2017_Project\Angular2Demo\Angular2MVC\Angular2MVC\app\Models\user.js
D:\VS2017_Project\Angular2Demo\Angular2MVC\Angular2MVC\app\Models\user.js.map
D:\VS2017_Project\Angular2Demo\Angular2MVC\Angular2MVC\app\shared\global.js
D:\VS2017_Project\Angular2Demo\Angular2MVC\Angular2MVC\app\shared\global.js.map
D:\VS2017_Project\Angular2Demo\Angular2MVC\Angular2MVC\app\components\user.component.js
D:\VS2017_Project\Angular2Demo\Angular2MVC\Angular2MVC\app\components\user.component.js.map
D:\VS2017_Project\Angular2Demo\Angular2MVC\Angular2MVC\app\app.routing.js
D:\VS2017_Project\Angular2Demo\Angular2MVC\Angular2MVC\app\app.routing.js.map
D:\VS2017_Project\Angular2Demo\Angular2MVC\Angular2MVC\app\app.module.js
D:\VS2017_Project\Angular2Demo\Angular2MVC\Angular2MVC\app\app.module.js.map
D:\VS2017_Project\Angular2Demo\Angular2MVC\Angular2MVC\app\main.js
D:\VS2017_Project\Angular2Demo\Angular2MVC\Angular2MVC\app\main.js.map
D:\VS2017_Project\Angular2Demo\Angular2MVC\Angular2MVC\app\shared\enum.js
D:\VS2017_Project\Angular2Demo\Angular2MVC\Angular2MVC\app\shared\enum.js.map
D:\VS2017_Project\Angular2Demo\Angular2MVC\Angular2MVC\app\app.component.js
D:\VS2017_Project\Angular2Demo\Angular2MVC\Angular2MVC\app\app.component.js.map
D:\VS2017_Project\Angular2Demo\Angular2MVC\Angular2MVC\app\components\home.component.js
D:\VS2017_Project\Angular2Demo\Angular2MVC\Angular2MVC\app\components\home.component.js.map
D:\VS2017_Project\Angular2Demo\Angular2MVC\Angular2MVC\app\Service\user.service.js
D:\VS2017_Project\Angular2Demo\Angular2MVC\Angular2MVC\app\Service\user.service.js.map
D:\VS2017_Project\Angular2Demo\Angular2MVC\Angular2MVC\app\Models\user.js
D:\VS2017_Project\Angular2Demo\Angular2MVC\Angular2MVC\app\Models\user.js.map
D:\VS2017_Project\Angular2Demo\Angular2MVC\Angular2MVC\app\shared\global.js
D:\VS2017_Project\Angular2Demo\Angular2MVC\Angular2MVC\app\shared\global.js.map
D:\VS2017_Project\Angular2Demo\Angular2MVC\Angular2MVC\app\components\user.component.js
D:\VS2017_Project\Angular2Demo\Angular2MVC\Angular2MVC\app\components\user.component.js.map
D:\VS2017_Project\Angular2Demo\Angular2MVC\Angular2MVC\app\app.routing.js
D:\VS2017_Project\Angular2Demo\Angular2MVC\Angular2MVC\app\app.routing.js.map
D:\VS2017_Project\Angular2Demo\Angular2MVC\Angular2MVC\app\app.module.js
D:\VS2017_Project\Angular2Demo\Angular2MVC\Angular2MVC\app\app.module.js.map
D:\VS2017_Project\Angular2Demo\Angular2MVC\Angular2MVC\app\main.js
D:\VS2017_Project\Angular2Demo\Angular2MVC\Angular2MVC\app\main.js.map
D:\VS2017_Project\Angular2Demo\Angular2MVC\Angular2MVC\app\shared\enum.js
D:\VS2017_Project\Angular2Demo\Angular2MVC\Angular2MVC\app\shared\enum.js.map
D:\VS2017_Project\Angular2Demo\Angular2MVC\Angular2MVC\app\app.component.js
D:\VS2017_Project\Angular2Demo\Angular2MVC\Angular2MVC\app\app.component.js.map
D:\VS2017_Project\Angular2Demo\Angular2MVC\Angular2MVC\app\components\home.component.js
D:\VS2017_Project\Angular2Demo\Angular2MVC\Angular2MVC\app\components\home.component.js.map
D:\VS2017_Project\Angular2Demo\Angular2MVC\Angular2MVC\app\Service\user.service.js
D:\VS2017_Project\Angular2Demo\Angular2MVC\Angular2MVC\app\Service\user.service.js.map
D:\VS2017_Project\Angular2Demo\Angular2MVC\Angular2MVC\app\Models\user.js
D:\VS2017_Project\Angular2Demo\Angular2MVC\Angular2MVC\app\Models\user.js.map
D:\VS2017_Project\Angular2Demo\Angular2MVC\Angular2MVC\app\shared\global.js
D:\VS2017_Project\Angular2Demo\Angular2MVC\Angular2MVC\app\shared\global.js.map
D:\VS2017_Project\Angular2Demo\Angular2MVC\Angular2MVC\app\components\user.component.js
D:\VS2017_Project\Angular2Demo\Angular2MVC\Angular2MVC\app\components\user.component.js.map
D:\VS2017_Project\Angular2Demo\Angular2MVC\Angular2MVC\app\app.routing.js
D:\VS2017_Project\Angular2Demo\Angular2MVC\Angular2MVC\app\app.routing.js.map
D:\VS2017_Project\Angular2Demo\Angular2MVC\Angular2MVC\app\app.module.js
D:\VS2017_Project\Angular2Demo\Angular2MVC\Angular2MVC\app\app.module.js.map
D:\VS2017_Project\Angular2Demo\Angular2MVC\Angular2MVC\app\main.js
D:\VS2017_Project\Angular2Demo\Angular2MVC\Angular2MVC\app\main.js.map
D:\VS2017_Project\Angular2Demo\Angular2MVC\Angular2MVC\app\shared\enum.js
D:\VS2017_Project\Angular2Demo\Angular2MVC\Angular2MVC\app\shared\enum.js.map
D:\VS2017_Project\Angular2Demo\Angular2MVC\Angular2MVC\app\app.component.js
D:\VS2017_Project\Angular2Demo\Angular2MVC\Angular2MVC\app\app.component.js.map
D:\VS2017_Project\Angular2Demo\Angular2MVC\Angular2MVC\app\components\home.component.js
D:\VS2017_Project\Angular2Demo\Angular2MVC\Angular2MVC\app\components\home.component.js.map
D:\VS2017_Project\Angular2Demo\Angular2MVC\Angular2MVC\app\Service\user.service.js
D:\VS2017_Project\Angular2Demo\Angular2MVC\Angular2MVC\app\Service\user.service.js.map
D:\VS2017_Project\Angular2Demo\Angular2MVC\Angular2MVC\app\Models\user.js
D:\VS2017_Project\Angular2Demo\Angular2MVC\Angular2MVC\app\Models\user.js.map
D:\VS2017_Project\Angular2Demo\Angular2MVC\Angular2MVC\app\shared\global.js
D:\VS2017_Project\Angular2Demo\Angular2MVC\Angular2MVC\app\shared\global.js.map
D:\VS2017_Project\Angular2Demo\Angular2MVC\Angular2MVC\app\components\user.component.js
D:\VS2017_Project\Angular2Demo\Angular2MVC\Angular2MVC\app\components\user.component.js.map
D:\VS2017_Project\Angular2Demo\Angular2MVC\Angular2MVC\app\app.routing.js
D:\VS2017_Project\Angular2Demo\Angular2MVC\Angular2MVC\app\app.routing.js.map
D:\VS2017_Project\Angular2Demo\Angular2MVC\Angular2MVC\app\app.module.js
D:\VS2017_Project\Angular2Demo\Angular2MVC\Angular2MVC\app\app.module.js.map
D:\VS2017_Project\Angular2Demo\Angular2MVC\Angular2MVC\app\main.js
D:\VS2017_Project\Angular2Demo\Angular2MVC\Angular2MVC\app\main.js.map
D:\VS2017_Project\Angular2Demo\Angular2MVC\Angular2MVC\app\shared\enum.js
D:\VS2017_Project\Angular2Demo\Angular2MVC\Angular2MVC\app\shared\enum.js.map
D:\VS2017_Project\Angular2Demo\Angular2MVC\Angular2MVC\app\app.component.js
D:\VS2017_Project\Angular2Demo\Angular2MVC\Angular2MVC\app\app.component.js.map
D:\VS2017_Project\Angular2Demo\Angular2MVC\Angular2MVC\app\components\home.component.js
D:\VS2017_Project\Angular2Demo\Angular2MVC\Angular2MVC\app\components\home.component.js.map
D:\VS2017_Project\Angular2Demo\Angular2MVC\Angular2MVC\app\Service\user.service.js
D:\VS2017_Project\Angular2Demo\Angular2MVC\Angular2MVC\app\Service\user.service.js.map
D:\VS2017_Project\Angular2Demo\Angular2MVC\Angular2MVC\app\Models\user.js
D:\VS2017_Project\Angular2Demo\Angular2MVC\Angular2MVC\app\Models\user.js.map
D:\VS2017_Project\Angular2Demo\Angular2MVC\Angular2MVC\app\shared\global.js
D:\VS2017_Project\Angular2Demo\Angular2MVC\Angular2MVC\app\shared\global.js.map
D:\VS2017_Project\Angular2Demo\Angular2MVC\Angular2MVC\app\components\user.component.js
D:\VS2017_Project\Angular2Demo\Angular2MVC\Angular2MVC\app\components\user.component.js.map
D:\VS2017_Project\Angular2Demo\Angular2MVC\Angular2MVC\app\app.routing.js
D:\VS2017_Project\Angular2Demo\Angular2MVC\Angular2MVC\app\app.routing.js.map
D:\VS2017_Project\Angular2Demo\Angular2MVC\Angular2MVC\app\app.module.js
D:\VS2017_Project\Angular2Demo\Angular2MVC\Angular2MVC\app\app.module.js.map
D:\VS2017_Project\Angular2Demo\Angular2MVC\Angular2MVC\app\main.js
D:\VS2017_Project\Angular2Demo\Angular2MVC\Angular2MVC\app\main.js.map
D:\VS2017_Project\Angular2Demo\Angular2MVC\Angular2MVC\app\shared\enum.js
D:\VS2017_Project\Angular2Demo\Angular2MVC\Angular2MVC\app\shared\enum.js.map
D:\VS2017_Project\Angular2Demo\Angular2MVC\Angular2MVC\app\app.component.js
D:\VS2017_Project\Angular2Demo\Angular2MVC\Angular2MVC\app\app.component.js.map
D:\VS2017_Project\Angular2Demo\Angular2MVC\Angular2MVC\app\components\home.component.js
D:\VS2017_Project\Angular2Demo\Angular2MVC\Angular2MVC\app\components\home.component.js.map
D:\VS2017_Project\Angular2Demo\Angular2MVC\Angular2MVC\app\Service\user.service.js
D:\VS2017_Project\Angular2Demo\Angular2MVC\Angular2MVC\app\Service\user.service.js.map
D:\VS2017_Project\Angular2Demo\Angular2MVC\Angular2MVC\app\Models\user.js
D:\VS2017_Project\Angular2Demo\Angular2MVC\Angular2MVC\app\Models\user.js.map
D:\VS2017_Project\Angular2Demo\Angular2MVC\Angular2MVC\app\shared\global.js
D:\VS2017_Project\Angular2Demo\Angular2MVC\Angular2MVC\app\shared\global.js.map
D:\VS2017_Project\Angular2Demo\Angular2MVC\Angular2MVC\app\shared\enum.js
D:\VS2017_Project\Angular2Demo\Angular2MVC\Angular2MVC\app\shared\enum.js.map
D:\VS2017_Project\Angular2Demo\Angular2MVC\Angular2MVC\app\components\user.component.js
D:\VS2017_Project\Angular2Demo\Angular2MVC\Angular2MVC\app\components\user.component.js.map
D:\VS2017_Project\Angular2Demo\Angular2MVC\Angular2MVC\app\app.routing.js
D:\VS2017_Project\Angular2Demo\Angular2MVC\Angular2MVC\app\app.routing.js.map
D:\VS2017_Project\Angular2Demo\Angular2MVC\Angular2MVC\app\app.module.js
D:\VS2017_Project\Angular2Demo\Angular2MVC\Angular2MVC\app\app.module.js.map
D:\VS2017_Project\Angular2Demo\Angular2MVC\Angular2MVC\app\main.js
D:\VS2017_Project\Angular2Demo\Angular2MVC\Angular2MVC\app\main.js.map
D:\VS2017_Project\Angular2Demo\Angular2MVC\Angular2MVC\app\app.component.js
D:\VS2017_Project\Angular2Demo\Angular2MVC\Angular2MVC\app\app.component.js.map
D:\VS2017_Project\Angular2Demo\Angular2MVC\Angular2MVC\app\components\home.component.js
D:\VS2017_Project\Angular2Demo\Angular2MVC\Angular2MVC\app\components\home.component.js.map
D:\VS2017_Project\Angular2Demo\Angular2MVC\Angular2MVC\app\Service\user.service.js
D:\VS2017_Project\Angular2Demo\Angular2MVC\Angular2MVC\app\Service\user.service.js.map
D:\VS2017_Project\Angular2Demo\Angular2MVC\Angular2MVC\app\Models\user.js
D:\VS2017_Project\Angular2Demo\Angular2MVC\Angular2MVC\app\Models\user.js.map
D:\VS2017_Project\Angular2Demo\Angular2MVC\Angular2MVC\app\shared\global.js
D:\VS2017_Project\Angular2Demo\Angular2MVC\Angular2MVC\app\shared\global.js.map
D:\VS2017_Project\Angular2Demo\Angular2MVC\Angular2MVC\app\shared\enum.js
D:\VS2017_Project\Angular2Demo\Angular2MVC\Angular2MVC\app\shared\enum.js.map
D:\VS2017_Project\Angular2Demo\Angular2MVC\Angular2MVC\app\components\user.component.js
D:\VS2017_Project\Angular2Demo\Angular2MVC\Angular2MVC\app\components\user.component.js.map
D:\VS2017_Project\Angular2Demo\Angular2MVC\Angular2MVC\app\app.routing.js
D:\VS2017_Project\Angular2Demo\Angular2MVC\Angular2MVC\app\app.routing.js.map
D:\VS2017_Project\Angular2Demo\Angular2MVC\Angular2MVC\app\app.module.js
D:\VS2017_Project\Angular2Demo\Angular2MVC\Angular2MVC\app\app.module.js.map
D:\VS2017_Project\Angular2Demo\Angular2MVC\Angular2MVC\app\main.js
D:\VS2017_Project\Angular2Demo\Angular2MVC\Angular2MVC\app\main.js.map
D:\VS2017_Project\Angular2Demo\Angular2MVC\Angular2MVC\app\app.component.js
D:\VS2017_Project\Angular2Demo\Angular2MVC\Angular2MVC\app\app.component.js.map
D:\VS2017_Project\Angular2Demo\Angular2MVC\Angular2MVC\app\components\home.component.js
D:\VS2017_Project\Angular2Demo\Angular2MVC\Angular2MVC\app\components\home.component.js.map
D:\VS2017_Project\Angular2Demo\Angular2MVC\Angular2MVC\app\Service\user.service.js
D:\VS2017_Project\Angular2Demo\Angular2MVC\Angular2MVC\app\Service\user.service.js.map
D:\VS2017_Project\Angular2Demo\Angular2MVC\Angular2MVC\app\Models\user.js
D:\VS2017_Project\Angular2Demo\Angular2MVC\Angular2MVC\app\Models\user.js.map
D:\VS2017_Project\Angular2Demo\Angular2MVC\Angular2MVC\app\shared\global.js
D:\VS2017_Project\Angular2Demo\Angular2MVC\Angular2MVC\app\shared\global.js.map
D:\VS2017_Project\Angular2Demo\Angular2MVC\Angular2MVC\app\shared\enum.js
D:\VS2017_Project\Angular2Demo\Angular2MVC\Angular2MVC\app\shared\enum.js.map
D:\VS2017_Project\Angular2Demo\Angular2MVC\Angular2MVC\app\components\user.component.js
D:\VS2017_Project\Angular2Demo\Angular2MVC\Angular2MVC\app\components\user.component.js.map
D:\VS2017_Project\Angular2Demo\Angular2MVC\Angular2MVC\app\app.routing.js
D:\VS2017_Project\Angular2Demo\Angular2MVC\Angular2MVC\app\app.routing.js.map
D:\VS2017_Project\Angular2Demo\Angular2MVC\Angular2MVC\app\app.module.js
D:\VS2017_Project\Angular2Demo\Angular2MVC\Angular2MVC\app\app.module.js.map
D:\VS2017_Project\Angular2Demo\Angular2MVC\Angular2MVC\app\main.js
D:\VS2017_Project\Angular2Demo\Angular2MVC\Angular2MVC\app\main.js.map
D:\VS2017_Project\Angular2Demo\Angular2MVC\Angular2MVC\app\app.component.js
D:\VS2017_Project\Angular2Demo\Angular2MVC\Angular2MVC\app\app.component.js.map
D:\VS2017_Project\Angular2Demo\Angular2MVC\Angular2MVC\app\components\home.component.js
D:\VS2017_Project\Angular2Demo\Angular2MVC\Angular2MVC\app\components\home.component.js.map
D:\VS2017_Project\Angular2Demo\Angular2MVC\Angular2MVC\app\Service\user.service.js
D:\VS2017_Project\Angular2Demo\Angular2MVC\Angular2MVC\app\Service\user.service.js.map
D:\VS2017_Project\Angular2Demo\Angular2MVC\Angular2MVC\app\Models\user.js
D:\VS2017_Project\Angular2Demo\Angular2MVC\Angular2MVC\app\Models\user.js.map
D:\VS2017_Project\Angular2Demo\Angular2MVC\Angular2MVC\app\shared\global.js
D:\VS2017_Project\Angular2Demo\Angular2MVC\Angular2MVC\app\shared\global.js.map
D:\VS2017_Project\Angular2Demo\Angular2MVC\Angular2MVC\app\shared\enum.js
D:\VS2017_Project\Angular2Demo\Angular2MVC\Angular2MVC\app\shared\enum.js.map
D:\VS2017_Project\Angular2Demo\Angular2MVC\Angular2MVC\app\components\user.component.js
D:\VS2017_Project\Angular2Demo\Angular2MVC\Angular2MVC\app\components\user.component.js.map
D:\VS2017_Project\Angular2Demo\Angular2MVC\Angular2MVC\app\app.routing.js
D:\VS2017_Project\Angular2Demo\Angular2MVC\Angular2MVC\app\app.routing.js.map
D:\VS2017_Project\Angular2Demo\Angular2MVC\Angular2MVC\app\app.module.js
D:\VS2017_Project\Angular2Demo\Angular2MVC\Angular2MVC\app\app.module.js.map
D:\VS2017_Project\Angular2Demo\Angular2MVC\Angular2MVC\app\main.js
D:\VS2017_Project\Angular2Demo\Angular2MVC\Angular2MVC\app\main.js.map
D:\VS2017_Project\Angular2Demo\Angular2MVC\Angular2MVC\app\app.component.js
D:\VS2017_Project\Angular2Demo\Angular2MVC\Angular2MVC\app\app.component.js.map
D:\VS2017_Project\Angular2Demo\Angular2MVC\Angular2MVC\app\components\home.component.js
D:\VS2017_Project\Angular2Demo\Angular2MVC\Angular2MVC\app\components\home.component.js.map
D:\VS2017_Project\Angular2Demo\Angular2MVC\Angular2MVC\app\Service\user.service.js
D:\VS2017_Project\Angular2Demo\Angular2MVC\Angular2MVC\app\Service\user.service.js.map
D:\VS2017_Project\Angular2Demo\Angular2MVC\Angular2MVC\app\Models\user.js
D:\VS2017_Project\Angular2Demo\Angular2MVC\Angular2MVC\app\Models\user.js.map
D:\VS2017_Project\Angular2Demo\Angular2MVC\Angular2MVC\app\shared\global.js
D:\VS2017_Project\Angular2Demo\Angular2MVC\Angular2MVC\app\shared\global.js.map
D:\VS2017_Project\Angular2Demo\Angular2MVC\Angular2MVC\app\shared\enum.js
D:\VS2017_Project\Angular2Demo\Angular2MVC\Angular2MVC\app\shared\enum.js.map
D:\VS2017_Project\Angular2Demo\Angular2MVC\Angular2MVC\app\components\user.component.js
D:\VS2017_Project\Angular2Demo\Angular2MVC\Angular2MVC\app\components\user.component.js.map
D:\VS2017_Project\Angular2Demo\Angular2MVC\Angular2MVC\app\app.routing.js
D:\VS2017_Project\Angular2Demo\Angular2MVC\Angular2MVC\app\app.routing.js.map
D:\VS2017_Project\Angular2Demo\Angular2MVC\Angular2MVC\app\app.module.js
D:\VS2017_Project\Angular2Demo\Angular2MVC\Angular2MVC\app\app.module.js.map
D:\VS2017_Project\Angular2Demo\Angular2MVC\Angular2MVC\app\main.js
D:\VS2017_Project\Angular2Demo\Angular2MVC\Angular2MVC\app\main.js.map
D:\VS2017_Project\Angular2Demo\Angular2MVC\Angular2MVC\app\app.component.js
D:\VS2017_Project\Angular2Demo\Angular2MVC\Angular2MVC\app\app.component.js.map
D:\VS2017_Project\Angular2Demo\Angular2MVC\Angular2MVC\app\components\home.component.js
D:\VS2017_Project\Angular2Demo\Angular2MVC\Angular2MVC\app\components\home.component.js.map
D:\VS2017_Project\Angular2Demo\Angular2MVC\Angular2MVC\app\Service\user.service.js
D:\VS2017_Project\Angular2Demo\Angular2MVC\Angular2MVC\app\Service\user.service.js.map
D:\VS2017_Project\Angular2Demo\Angular2MVC\Angular2MVC\app\Models\user.js
D:\VS2017_Project\Angular2Demo\Angular2MVC\Angular2MVC\app\Models\user.js.map
D:\VS2017_Project\Angular2Demo\Angular2MVC\Angular2MVC\app\shared\global.js
D:\VS2017_Project\Angular2Demo\Angular2MVC\Angular2MVC\app\shared\global.js.map
D:\VS2017_Project\Angular2Demo\Angular2MVC\Angular2MVC\app\shared\enum.js
D:\VS2017_Project\Angular2Demo\Angular2MVC\Angular2MVC\app\shared\enum.js.map
D:\VS2017_Project\Angular2Demo\Angular2MVC\Angular2MVC\app\components\user.component.js
D:\VS2017_Project\Angular2Demo\Angular2MVC\Angular2MVC\app\components\user.component.js.map
D:\VS2017_Project\Angular2Demo\Angular2MVC\Angular2MVC\app\app.routing.js
D:\VS2017_Project\Angular2Demo\Angular2MVC\Angular2MVC\app\app.routing.js.map
D:\VS2017_Project\Angular2Demo\Angular2MVC\Angular2MVC\app\app.module.js
D:\VS2017_Project\Angular2Demo\Angular2MVC\Angular2MVC\app\app.module.js.map
D:\VS2017_Project\Angular2Demo\Angular2MVC\Angular2MVC\app\main.js
D:\VS2017_Project\Angular2Demo\Angular2MVC\Angular2MVC\app\main.js.map
D:\VS2017_Project\Angular2Demo\Angular2MVC\Angular2MVC\app\app.component.js
D:\VS2017_Project\Angular2Demo\Angular2MVC\Angular2MVC\app\app.component.js.map
D:\VS2017_Project\Angular2Demo\Angular2MVC\Angular2MVC\app\components\home.component.js
D:\VS2017_Project\Angular2Demo\Angular2MVC\Angular2MVC\app\components\home.component.js.map
D:\VS2017_Project\Angular2Demo\Angular2MVC\Angular2MVC\app\Service\user.service.js
D:\VS2017_Project\Angular2Demo\Angular2MVC\Angular2MVC\app\Service\user.service.js.map
D:\VS2017_Project\Angular2Demo\Angular2MVC\Angular2MVC\app\Models\user.js
D:\VS2017_Project\Angular2Demo\Angular2MVC\Angular2MVC\app\Models\user.js.map
D:\VS2017_Project\Angular2Demo\Angular2MVC\Angular2MVC\app\shared\global.js
D:\VS2017_Project\Angular2Demo\Angular2MVC\Angular2MVC\app\shared\global.js.map
D:\VS2017_Project\Angular2Demo\Angular2MVC\Angular2MVC\app\shared\enum.js
D:\VS2017_Project\Angular2Demo\Angular2MVC\Angular2MVC\app\shared\enum.js.map
D:\VS2017_Project\Angular2Demo\Angular2MVC\Angular2MVC\app\components\user.component.js
D:\VS2017_Project\Angular2Demo\Angular2MVC\Angular2MVC\app\components\user.component.js.map
D:\VS2017_Project\Angular2Demo\Angular2MVC\Angular2MVC\app\app.routing.js
D:\VS2017_Project\Angular2Demo\Angular2MVC\Angular2MVC\app\app.routing.js.map
D:\VS2017_Project\Angular2Demo\Angular2MVC\Angular2MVC\app\app.module.js
D:\VS2017_Project\Angular2Demo\Angular2MVC\Angular2MVC\app\app.module.js.map
D:\VS2017_Project\Angular2Demo\Angular2MVC\Angular2MVC\app\main.js
D:\VS2017_Project\Angular2Demo\Angular2MVC\Angular2MVC\app\main.js.map
D:\VS2017_Project\Angular2Demo\Angular2MVC\Angular2MVC\app\app.component.js
D:\VS2017_Project\Angular2Demo\Angular2MVC\Angular2MVC\app\app.component.js.map
D:\VS2017_Project\Angular2Demo\Angular2MVC\Angular2MVC\app\components\home.component.js
D:\VS2017_Project\Angular2Demo\Angular2MVC\Angular2MVC\app\components\home.component.js.map
D:\VS2017_Project\Angular2Demo\Angular2MVC\Angular2MVC\app\Service\user.service.js
D:\VS2017_Project\Angular2Demo\Angular2MVC\Angular2MVC\app\Service\user.service.js.map
D:\VS2017_Project\Angular2Demo\Angular2MVC\Angular2MVC\app\Models\user.js
D:\VS2017_Project\Angular2Demo\Angular2MVC\Angular2MVC\app\Models\user.js.map
D:\VS2017_Project\Angular2Demo\Angular2MVC\Angular2MVC\app\shared\global.js
D:\VS2017_Project\Angular2Demo\Angular2MVC\Angular2MVC\app\shared\global.js.map
D:\VS2017_Project\Angular2Demo\Angular2MVC\Angular2MVC\app\shared\enum.js
D:\VS2017_Project\Angular2Demo\Angular2MVC\Angular2MVC\app\shared\enum.js.map
D:\VS2017_Project\Angular2Demo\Angular2MVC\Angular2MVC\app\components\user.component.js
D:\VS2017_Project\Angular2Demo\Angular2MVC\Angular2MVC\app\components\user.component.js.map
D:\VS2017_Project\Angular2Demo\Angular2MVC\Angular2MVC\app\app.routing.js
D:\VS2017_Project\Angular2Demo\Angular2MVC\Angular2MVC\app\app.routing.js.map
D:\VS2017_Project\Angular2Demo\Angular2MVC\Angular2MVC\app\app.module.js
D:\VS2017_Project\Angular2Demo\Angular2MVC\Angular2MVC\app\app.module.js.map
D:\VS2017_Project\Angular2Demo\Angular2MVC\Angular2MVC\app\main.js
D:\VS2017_Project\Angular2Demo\Angular2MVC\Angular2MVC\app\main.js.map
D:\VS2017_Project\Angular2Demo\Angular2MVC\Angular2MVC\app\app.component.js
D:\VS2017_Project\Angular2Demo\Angular2MVC\Angular2MVC\app\app.component.js.map
D:\VS2017_Project\Angular2Demo\Angular2MVC\Angular2MVC\app\components\home.component.js
D:\VS2017_Project\Angular2Demo\Angular2MVC\Angular2MVC\app\components\home.component.js.map
D:\VS2017_Project\Angular2Demo\Angular2MVC\Angular2MVC\app\Service\user.service.js
D:\VS2017_Project\Angular2Demo\Angular2MVC\Angular2MVC\app\Service\user.service.js.map
D:\VS2017_Project\Angular2Demo\Angular2MVC\Angular2MVC\app\Models\user.js
D:\VS2017_Project\Angular2Demo\Angular2MVC\Angular2MVC\app\Models\user.js.map
D:\VS2017_Project\Angular2Demo\Angular2MVC\Angular2MVC\app\shared\global.js
D:\VS2017_Project\Angular2Demo\Angular2MVC\Angular2MVC\app\shared\global.js.map
D:\VS2017_Project\Angular2Demo\Angular2MVC\Angular2MVC\app\shared\enum.js
D:\VS2017_Project\Angular2Demo\Angular2MVC\Angular2MVC\app\shared\enum.js.map
D:\VS2017_Project\Angular2Demo\Angular2MVC\Angular2MVC\app\components\user.component.js
D:\VS2017_Project\Angular2Demo\Angular2MVC\Angular2MVC\app\components\user.component.js.map
D:\VS2017_Project\Angular2Demo\Angular2MVC\Angular2MVC\app\app.routing.js
D:\VS2017_Project\Angular2Demo\Angular2MVC\Angular2MVC\app\app.routing.js.map
D:\VS2017_Project\Angular2Demo\Angular2MVC\Angular2MVC\app\app.module.js
D:\VS2017_Project\Angular2Demo\Angular2MVC\Angular2MVC\app\app.module.js.map
D:\VS2017_Project\Angular2Demo\Angular2MVC\Angular2MVC\app\main.js
D:\VS2017_Project\Angular2Demo\Angular2MVC\Angular2MVC\app\main.js.map
D:\VS2017_Project\Angular2Demo\Angular2MVC\Angular2MVC\app\app.component.js
D:\VS2017_Project\Angular2Demo\Angular2MVC\Angular2MVC\app\app.component.js.map
D:\VS2017_Project\Angular2Demo\Angular2MVC\Angular2MVC\app\components\home.component.js
D:\VS2017_Project\Angular2Demo\Angular2MVC\Angular2MVC\app\components\home.component.js.map
D:\VS2017_Project\Angular2Demo\Angular2MVC\Angular2MVC\app\Service\user.service.js
D:\VS2017_Project\Angular2Demo\Angular2MVC\Angular2MVC\app\Service\user.service.js.map
D:\VS2017_Project\Angular2Demo\Angular2MVC\Angular2MVC\app\Models\user.js
D:\VS2017_Project\Angular2Demo\Angular2MVC\Angular2MVC\app\Models\user.js.map
D:\VS2017_Project\Angular2Demo\Angular2MVC\Angular2MVC\app\shared\global.js
D:\VS2017_Project\Angular2Demo\Angular2MVC\Angular2MVC\app\shared\global.js.map
D:\VS2017_Project\Angular2Demo\Angular2MVC\Angular2MVC\app\shared\enum.js
D:\VS2017_Project\Angular2Demo\Angular2MVC\Angular2MVC\app\shared\enum.js.map
D:\VS2017_Project\Angular2Demo\Angular2MVC\Angular2MVC\app\components\user.component.js
D:\VS2017_Project\Angular2Demo\Angular2MVC\Angular2MVC\app\components\user.component.js.map
D:\VS2017_Project\Angular2Demo\Angular2MVC\Angular2MVC\app\app.routing.js
D:\VS2017_Project\Angular2Demo\Angular2MVC\Angular2MVC\app\app.routing.js.map
D:\VS2017_Project\Angular2Demo\Angular2MVC\Angular2MVC\app\app.module.js
D:\VS2017_Project\Angular2Demo\Angular2MVC\Angular2MVC\app\app.module.js.map
D:\VS2017_Project\Angular2Demo\Angular2MVC\Angular2MVC\app\main.js
D:\VS2017_Project\Angular2Demo\Angular2MVC\Angular2MVC\app\main.js.map
D:\VS2017_Project\Angular2Demo\Angular2MVC\Angular2MVC\app\app.component.js
D:\VS2017_Project\Angular2Demo\Angular2MVC\Angular2MVC\app\app.component.js.map
D:\VS2017_Project\Angular2Demo\Angular2MVC\Angular2MVC\app\components\home.component.js
D:\VS2017_Project\Angular2Demo\Angular2MVC\Angular2MVC\app\components\home.component.js.map
D:\VS2017_Project\Angular2Demo\Angular2MVC\Angular2MVC\app\Service\user.service.js
D:\VS2017_Project\Angular2Demo\Angular2MVC\Angular2MVC\app\Service\user.service.js.map
D:\VS2017_Project\Angular2Demo\Angular2MVC\Angular2MVC\app\Models\user.js
D:\VS2017_Project\Angular2Demo\Angular2MVC\Angular2MVC\app\Models\user.js.map
D:\VS2017_Project\Angular2Demo\Angular2MVC\Angular2MVC\app\shared\global.js
D:\VS2017_Project\Angular2Demo\Angular2MVC\Angular2MVC\app\shared\global.js.map
D:\VS2017_Project\Angular2Demo\Angular2MVC\Angular2MVC\app\shared\enum.js
D:\VS2017_Project\Angular2Demo\Angular2MVC\Angular2MVC\app\shared\enum.js.map
D:\VS2017_Project\Angular2Demo\Angular2MVC\Angular2MVC\app\components\user.component.js
D:\VS2017_Project\Angular2Demo\Angular2MVC\Angular2MVC\app\components\user.component.js.map
D:\VS2017_Project\Angular2Demo\Angular2MVC\Angular2MVC\app\app.routing.js
D:\VS2017_Project\Angular2Demo\Angular2MVC\Angular2MVC\app\app.routing.js.map
D:\VS2017_Project\Angular2Demo\Angular2MVC\Angular2MVC\app\app.module.js
D:\VS2017_Project\Angular2Demo\Angular2MVC\Angular2MVC\app\app.module.js.map
D:\VS2017_Project\Angular2Demo\Angular2MVC\Angular2MVC\app\main.js
D:\VS2017_Project\Angular2Demo\Angular2MVC\Angular2MVC\app\main.js.map
